<?xml version="1.0" encoding="UTF-8"?>
<!-- Generated by org.testng.reporters.JUnitReportReporter -->
<testsuite hostname="LAPTOP-LRT8JUQQ" failures="0" tests="4" name="YSK.SubmitOrder" time="19.984" errors="0" timestamp="2025-09-16T22:18:13 IST" skipped="0">
  <testcase classname="YSK.SubmitOrder" name="SubmitOrder" time="5.507"/>
  <testcase classname="YSK.SubmitOrder" name="OrderHistory" time="2.631"/>
  <testcase classname="YSK.SubmitOrder" name="SubmitOrder" time="9.038"/>
  <testcase classname="YSK.SubmitOrder" name="OrderHistory" time="2.808"/>
</testsuite> <!-- YSK.SubmitOrder -->
