<?xml version="1.0" encoding="UTF-8"?>
<!-- Generated by org.testng.reporters.JUnitReportReporter -->
<testsuite hostname="LAPTOP-LRT8JUQQ" failures="0" tests="2" name="YSK.ErrorValidation" time="7.917" errors="0" timestamp="2025-09-16T22:18:13 IST" skipped="0">
  <testcase classname="YSK.ErrorValidation" name="CartValidation" time="5.345"/>
  <testcase classname="YSK.ErrorValidation" name="LoginValidation" time="2.572"/>
</testsuite> <!-- YSK.ErrorValidation -->
