<?xml version="1.0" encoding="UTF-8"?>
<!-- Generated by org.testng.reporters.JUnitReportReporter -->
<testsuite hostname="LAPTOP-LRT8JUQQ" failures="0" tests="1" name="YSK.Framework2" time="1.207" errors="0" timestamp="2025-09-14T16:10:06 IST" skipped="0">
  <testcase classname="YSK.Framework2" name="SubmitOrder" time="1.207"/>
</testsuite> <!-- YSK.Framework2 -->
