<?xml version="1.0" encoding="UTF-8"?>
<!-- Generated by org.testng.reporters.JUnitReportReporter -->
<testsuite hostname="LAPTOP-LRT8JUQQ" failures="0" tests="4" name="YSK.SubmitOrder" time="17.420" errors="0" timestamp="2025-09-15T22:09:55 IST" skipped="0">
  <testcase classname="YSK.SubmitOrder" name="SubmitOrder" time="6.208"/>
  <testcase classname="YSK.SubmitOrder" name="OrderHistory" time="3.181"/>
  <testcase classname="YSK.SubmitOrder" name="OrderHistory" time="2.440"/>
  <testcase classname="YSK.SubmitOrder" name="SubmitOrder" time="5.591"/>
</testsuite> <!-- YSK.SubmitOrder -->
