<?xml version="1.0" encoding="UTF-8"?>
<!-- Generated by org.testng.reporters.JUnitReportReporter -->
<testsuite hostname="LAPTOP-LRT8JUQQ" failures="0" tests="1" name="YSK.Framework1" time="4.101" errors="0" timestamp="2025-09-14T15:34:40 IST" skipped="0">
  <testcase classname="YSK.Framework1" name="SubmitOrder" time="4.101"/>
</testsuite> <!-- YSK.Framework1 -->
