<?xml version="1.0" encoding="UTF-8"?>
<!-- Generated by org.testng.reporters.JUnitReportReporter -->
<testsuite hostname="LAPTOP-LRT8JUQQ" failures="0" tests="4" name="YSK.SubmitOrder" time="24.061" errors="0" timestamp="2025-09-16T01:01:56 IST" skipped="0">
  <testcase classname="YSK.SubmitOrder" name="SubmitOrder" time="8.738"/>
  <testcase classname="YSK.SubmitOrder" name="SubmitOrder" time="5.663"/>
  <testcase classname="YSK.SubmitOrder" name="OrderHistory" time="4.860"/>
  <testcase classname="YSK.SubmitOrder" name="OrderHistory" time="4.800"/>
</testsuite> <!-- YSK.SubmitOrder -->
